14:23:48 - "scalac" is not found on the PATH.  Scala files will not be recompiled
14:24:07 - !! Modified jar detected. Unpredictable results !!
14:28:30 - !! Missing server jar file. Aborting !!
03:23:09 - "scalac" is not found on the PATH.  Scala files will not be recompiled
03:23:39 - "scalac" is not found on the PATH.  Scala files will not be recompiled
03:24:24 - !! Can not find server sources, try decompiling !!
03:24:45 - "scalac" is not found on the PATH.  Scala files will not be recompiled
03:26:48 - "scalac" is not found on the PATH.  Scala files will not be recompiled
03:27:30 - !! Can not find server sources, try decompiling !!
03:27:49 - "scalac" is not found on the PATH.  Scala files will not be recompiled
03:28:37 - "scalac" is not found on the PATH.  Scala files will not be recompiled
03:29:18 - !! Can not find server sources, try decompiling !!
03:29:28 - "scalac" is not found on the PATH.  Scala files will not be recompiled
03:29:38 - !! Can not find server md5s !!
05:12:09 - "scalac" is not found on the PATH.  Scala files will not be recompiled
05:12:33 - "scalac" is not found on the PATH.  Scala files will not be recompiled
05:13:15 - !! Can not find server sources, try decompiling !!
13:37:25 - "scalac" is not found on the PATH.  Scala files will not be recompiled
13:38:28 - !! Can not find server sources, try decompiling !!
14:02:40 - "scalac" is not found on the PATH.  Scala files will not be recompiled
14:51:13 - "scalac" is not found on the PATH.  Scala files will not be recompiled
14:52:17 - !! Can not find server sources, try decompiling !!
16:04:08 - "scalac" is not found on the PATH.  Scala files will not be recompiled
16:05:07 - !! Can not find server sources, try decompiling !!
17:45:47 - "scalac" is not found on the PATH.  Scala files will not be recompiled
17:46:23 - !! Can not find server sources, try decompiling !!
20:47:19 - "scalac" is not found on the PATH.  Scala files will not be recompiled
20:48:23 - !! Can not find server sources, try decompiling !!
21:14:17 - "scalac" is not found on the PATH.  Scala files will not be recompiled
21:14:57 - !! Can not find server sources, try decompiling !!
22:38:31 - "scalac" is not found on the PATH.  Scala files will not be recompiled
22:39:34 - !! Can not find server sources, try decompiling !!
03:08:57 - "scalac" is not found on the PATH.  Scala files will not be recompiled
03:09:40 - !! Can not find server sources, try decompiling !!
14:06:26 - "scalac" is not found on the PATH.  Scala files will not be recompiled
14:07:25 - !! Can not find server sources, try decompiling !!
17:58:12 - "scalac" is not found on the PATH.  Scala files will not be recompiled
17:59:20 - !! Can not find server sources, try decompiling !!
04:41:39 - "scalac" is not found on the PATH.  Scala files will not be recompiled
04:42:19 - !! Can not find server sources, try decompiling !!
00:00:42 - "scalac" is not found on the PATH.  Scala files will not be recompiled
00:01:21 - !! Can not find server sources, try decompiling !!
01:07:30 - "scalac" is not found on the PATH.  Scala files will not be recompiled
01:08:09 - !! Can not find server sources, try decompiling !!
14:47:45 - "scalac" is not found on the PATH.  Scala files will not be recompiled
14:47:48 - "scalac" is not found on the PATH.  Scala files will not be recompiled
14:48:45 - !! Can not find server sources, try decompiling !!
19:15:19 - "scalac" is not found on the PATH.  Scala files will not be recompiled
19:16:16 - !! Can not find server sources, try decompiling !!
19:33:46 - "scalac" is not found on the PATH.  Scala files will not be recompiled
19:34:28 - !! Can not find server sources, try decompiling !!
23:43:19 - "scalac" is not found on the PATH.  Scala files will not be recompiled
23:43:58 - !! Can not find server sources, try decompiling !!
14:56:41 - "scalac" is not found on the PATH.  Scala files will not be recompiled
14:57:18 - !! Can not find server sources, try decompiling !!
16:21:33 - "scalac" is not found on the PATH.  Scala files will not be recompiled
16:22:17 - !! Can not find server sources, try decompiling !!
02:08:52 - "scalac" is not found on the PATH.  Scala files will not be recompiled
02:10:05 - !! Can not find server sources, try decompiling !!
02:23:00 - "scalac" is not found on the PATH.  Scala files will not be recompiled
02:24:09 - !! Can not find server sources, try decompiling !!
13:26:33 - "scalac" is not found on the PATH.  Scala files will not be recompiled
13:27:31 - !! Can not find server sources, try decompiling !!
20:22:02 - "scalac" is not found on the PATH.  Scala files will not be recompiled
20:23:01 - !! Can not find server sources, try decompiling !!
02:35:26 - "scalac" is not found on the PATH.  Scala files will not be recompiled
02:35:55 - !! Can not find server sources, try decompiling !!
02:36:45 - "scalac" is not found on the PATH.  Scala files will not be recompiled
02:37:13 - !! Can not find server sources, try decompiling !!
03:00:40 - "scalac" is not found on the PATH.  Scala files will not be recompiled
03:01:15 - !! Can not find server sources, try decompiling !!
03:18:35 - "scalac" is not found on the PATH.  Scala files will not be recompiled
03:19:04 - !! Can not find server sources, try decompiling !!
03:30:54 - "scalac" is not found on the PATH.  Scala files will not be recompiled
03:31:23 - !! Can not find server sources, try decompiling !!
14:59:46 - "scalac" is not found on the PATH.  Scala files will not be recompiled
15:00:31 - !! Can not find server sources, try decompiling !!
11:53:06 - "scalac" is not found on the PATH.  Scala files will not be recompiled
11:53:37 - !! Can not find server sources, try decompiling !!
